mode: set
wledger/internal/wled/wled.go:24.34,31.2 1 1
wledger/internal/wled/wled.go:34.82,36.16 2 1
wledger/internal/wled/wled.go:36.16,38.3 1 0
wledger/internal/wled/wled.go:40.2,42.16 3 1
wledger/internal/wled/wled.go:42.16,44.3 1 0
wledger/internal/wled/wled.go:45.2,49.16 3 1
wledger/internal/wled/wled.go:49.16,51.3 1 0
wledger/internal/wled/wled.go:52.2,53.12 2 1
wledger/internal/wled/wled.go:57.50,62.16 3 1
wledger/internal/wled/wled.go:62.16,64.3 1 1
wledger/internal/wled/wled.go:65.2,66.41 2 1
wledger/internal/features/dashboard/handler.go:48.67,50.2 1 1
wledger/internal/features/dashboard/handler.go:52.48,61.2 6 0
wledger/internal/features/dashboard/handler.go:65.79,70.16 3 0
wledger/internal/features/dashboard/handler.go:70.16,72.3 1 0
wledger/internal/features/dashboard/handler.go:75.81,80.16 3 0
wledger/internal/features/dashboard/handler.go:80.16,83.3 2 0
wledger/internal/features/dashboard/handler.go:85.2,89.37 4 0
wledger/internal/features/dashboard/handler.go:89.37,90.34 1 0
wledger/internal/features/dashboard/handler.go:90.34,92.4 1 0
wledger/internal/features/dashboard/handler.go:93.3,96.4 1 0
wledger/internal/features/dashboard/handler.go:99.2,99.41 1 0
wledger/internal/features/dashboard/handler.go:99.41,101.41 2 0
wledger/internal/features/dashboard/handler.go:101.41,107.4 1 0
wledger/internal/features/dashboard/handler.go:108.3,109.55 2 0
wledger/internal/features/dashboard/handler.go:109.55,112.4 1 0
wledger/internal/features/dashboard/handler.go:116.2,117.16 2 0
wledger/internal/features/dashboard/handler.go:117.16,120.3 2 0
wledger/internal/features/dashboard/handler.go:122.2,129.30 6 0
wledger/internal/features/dashboard/handler.go:129.30,131.38 2 0
wledger/internal/features/dashboard/handler.go:131.38,133.4 1 0
wledger/internal/features/dashboard/handler.go:133.9,133.49 1 0
wledger/internal/features/dashboard/handler.go:133.49,135.4 1 0
wledger/internal/features/dashboard/handler.go:135.9,137.4 1 0
wledger/internal/features/dashboard/handler.go:139.3,139.47 1 0
wledger/internal/features/dashboard/handler.go:139.47,140.12 1 0
wledger/internal/features/dashboard/handler.go:142.3,142.50 1 0
wledger/internal/features/dashboard/handler.go:142.50,143.12 1 0
wledger/internal/features/dashboard/handler.go:146.3,146.33 1 0
wledger/internal/features/dashboard/handler.go:146.33,148.4 1 0
wledger/internal/features/dashboard/handler.go:149.3,153.12 2 0
wledger/internal/features/dashboard/handler.go:156.2,156.37 1 0
wledger/internal/features/dashboard/handler.go:156.37,158.41 2 0
wledger/internal/features/dashboard/handler.go:158.41,164.4 1 0
wledger/internal/features/dashboard/handler.go:165.3,166.55 2 0
wledger/internal/features/dashboard/handler.go:166.55,168.4 1 0
wledger/internal/features/dashboard/handler.go:171.2,171.67 1 0
wledger/internal/features/dashboard/handler.go:174.73,176.16 2 0
wledger/internal/features/dashboard/handler.go:176.16,179.3 2 0
wledger/internal/features/dashboard/handler.go:181.2,184.32 3 0
wledger/internal/features/dashboard/handler.go:184.32,185.38 1 0
wledger/internal/features/dashboard/handler.go:185.38,187.4 1 0
wledger/internal/features/dashboard/handler.go:188.3,188.108 1 0
wledger/internal/features/dashboard/handler.go:191.2,191.45 1 0
wledger/internal/features/dashboard/handler.go:191.45,193.41 2 0
wledger/internal/features/dashboard/handler.go:193.41,199.4 1 0
wledger/internal/features/dashboard/handler.go:200.3,201.55 2 0
wledger/internal/features/dashboard/handler.go:201.55,203.4 1 0
wledger/internal/features/dashboard/handler.go:206.2,207.30 2 0
wledger/internal/features/dashboard/handler.go:210.76,214.16 3 1
wledger/internal/features/dashboard/handler.go:214.16,217.3 2 0
wledger/internal/features/dashboard/handler.go:219.2,222.32 3 1
wledger/internal/features/dashboard/handler.go:222.32,223.38 1 1
wledger/internal/features/dashboard/handler.go:223.38,225.4 1 1
wledger/internal/features/dashboard/handler.go:226.3,226.98 1 1
wledger/internal/features/dashboard/handler.go:229.2,230.45 2 1
wledger/internal/features/dashboard/handler.go:230.45,232.43 2 1
wledger/internal/features/dashboard/handler.go:232.43,234.40 2 1
wledger/internal/features/dashboard/handler.go:234.40,236.5 1 1
wledger/internal/features/dashboard/handler.go:237.4,241.6 1 1
wledger/internal/features/dashboard/handler.go:244.3,245.55 2 1
wledger/internal/features/dashboard/handler.go:245.55,251.4 4 1
wledger/internal/features/dashboard/handler.go:254.2,255.66 2 0
wledger/internal/features/dashboard/handler.go:258.76,262.16 3 0
wledger/internal/features/dashboard/handler.go:262.16,265.3 2 0
wledger/internal/features/dashboard/handler.go:267.2,270.32 3 0
wledger/internal/features/dashboard/handler.go:270.32,271.38 1 0
wledger/internal/features/dashboard/handler.go:271.38,273.4 1 0
wledger/internal/features/dashboard/handler.go:274.3,274.98 1 0
wledger/internal/features/dashboard/handler.go:277.2,278.45 2 0
wledger/internal/features/dashboard/handler.go:278.45,280.43 2 0
wledger/internal/features/dashboard/handler.go:280.43,282.40 2 0
wledger/internal/features/dashboard/handler.go:282.40,284.5 1 0
wledger/internal/features/dashboard/handler.go:285.4,289.6 1 0
wledger/internal/features/dashboard/handler.go:292.3,293.55 2 0
wledger/internal/features/dashboard/handler.go:293.55,295.4 1 0
wledger/internal/features/dashboard/handler.go:298.2,299.67 2 0
wledger/internal/features/dashboard/handler.go:302.81,306.2 3 0
wledger/internal/features/system/handlers.go:31.28,33.2 1 1
wledger/internal/features/system/handlers.go:36.48,40.2 3 0
wledger/internal/features/system/handlers.go:44.83,45.60 1 1
wledger/internal/features/system/handlers.go:45.60,48.3 2 0
wledger/internal/features/system/handlers.go:49.2,49.55 1 1
wledger/internal/features/system/handlers.go:52.80,54.16 2 1
wledger/internal/features/system/handlers.go:54.16,57.3 2 0
wledger/internal/features/system/handlers.go:59.2,67.16 7 1
wledger/internal/features/system/handlers.go:67.16,70.3 2 0
wledger/internal/features/system/handlers.go:71.2,73.45 3 1
wledger/internal/features/system/handlers.go:73.45,76.3 2 0
wledger/internal/features/system/handlers.go:79.2,83.87 3 1
wledger/internal/features/system/handlers.go:83.87,84.33 1 1
wledger/internal/features/system/handlers.go:84.33,86.4 1 1
wledger/internal/features/system/handlers.go:88.3,89.17 2 0
wledger/internal/features/system/handlers.go:89.17,91.4 1 0
wledger/internal/features/system/handlers.go:93.3,95.17 3 0
wledger/internal/features/system/handlers.go:95.17,97.4 1 0
wledger/internal/features/system/handlers.go:99.3,100.17 2 0
wledger/internal/features/system/handlers.go:100.17,102.4 1 0
wledger/internal/features/system/handlers.go:103.3,106.13 3 0
wledger/internal/features/system/handlers.go:109.2,109.16 1 1
wledger/internal/features/system/handlers.go:109.16,112.3 1 0
wledger/internal/features/system/handlers.go:115.79,118.60 3 0
wledger/internal/features/system/handlers.go:118.60,121.3 2 0
wledger/internal/features/system/handlers.go:123.2,124.16 2 0
wledger/internal/features/system/handlers.go:124.16,127.3 2 0
wledger/internal/features/system/handlers.go:128.2,131.16 3 0
wledger/internal/features/system/handlers.go:131.16,134.3 2 0
wledger/internal/features/system/handlers.go:135.2,137.51 2 0
wledger/internal/features/system/handlers.go:137.51,140.3 2 0
wledger/internal/features/system/handlers.go:142.2,143.16 2 0
wledger/internal/features/system/handlers.go:143.16,146.3 2 0
wledger/internal/features/system/handlers.go:147.2,152.28 4 0
wledger/internal/features/system/handlers.go:152.28,153.36 1 0
wledger/internal/features/system/handlers.go:153.36,155.18 2 0
wledger/internal/features/system/handlers.go:155.18,158.5 2 0
wledger/internal/features/system/handlers.go:159.4,159.66 1 0
wledger/internal/features/system/handlers.go:159.66,163.5 3 0
wledger/internal/features/system/handlers.go:164.4,166.9 3 0
wledger/internal/features/system/handlers.go:170.2,170.16 1 0
wledger/internal/features/system/handlers.go:170.16,173.3 2 0
wledger/internal/features/system/handlers.go:175.2,175.62 1 0
wledger/internal/features/system/handlers.go:175.62,178.3 2 0
wledger/internal/features/system/handlers.go:181.2,184.28 3 0
wledger/internal/features/system/handlers.go:184.28,185.34 1 0
wledger/internal/features/system/handlers.go:185.34,186.12 1 0
wledger/internal/features/system/handlers.go:189.3,189.50 1 0
wledger/internal/features/system/handlers.go:189.50,196.18 5 0
wledger/internal/features/system/handlers.go:196.18,198.13 2 0
wledger/internal/features/system/handlers.go:200.4,203.14 4 0
wledger/internal/features/system/handlers.go:207.2,207.55 1 0
wledger/internal/features/settings/handler.go:23.53,25.2 1 1
wledger/internal/features/settings/handler.go:27.48,29.2 1 0
wledger/internal/features/settings/handler.go:33.78,36.16 2 1
wledger/internal/features/settings/handler.go:36.16,39.3 2 0
wledger/internal/features/settings/handler.go:42.2,43.16 2 1
wledger/internal/features/settings/handler.go:43.16,46.3 2 0
wledger/internal/features/settings/handler.go:49.2,56.16 3 1
wledger/internal/features/settings/handler.go:56.16,58.3 1 0
wledger/internal/features/inspiration/handler.go:25.53,27.2 1 1
wledger/internal/features/inspiration/handler.go:29.48,31.2 1 0
wledger/internal/features/inspiration/handler.go:35.81,38.16 2 1
wledger/internal/features/inspiration/handler.go:38.16,41.3 2 0
wledger/internal/features/inspiration/handler.go:44.2,45.29 2 1
wledger/internal/features/inspiration/handler.go:45.29,46.29 1 1
wledger/internal/features/inspiration/handler.go:46.29,48.29 2 1
wledger/internal/features/inspiration/handler.go:48.29,50.5 1 1
wledger/internal/features/inspiration/handler.go:51.4,51.81 1 1
wledger/internal/features/inspiration/handler.go:56.2,98.16 5 1
wledger/internal/features/inspiration/handler.go:98.16,100.3 1 0
wledger/internal/features/parts/handler.go:64.53,66.2 1 1
wledger/internal/features/parts/handler.go:68.48,92.2 14 0
wledger/internal/features/parts/handler.go:96.75,98.16 2 1
wledger/internal/features/parts/handler.go:98.16,101.3 2 0
wledger/internal/features/parts/handler.go:103.2,109.16 3 1
wledger/internal/features/parts/handler.go:109.16,111.3 1 0
wledger/internal/features/parts/handler.go:114.77,118.16 3 0
wledger/internal/features/parts/handler.go:118.16,121.3 2 0
wledger/internal/features/parts/handler.go:123.2,124.16 2 0
wledger/internal/features/parts/handler.go:124.16,126.3 1 0
wledger/internal/features/parts/handler.go:129.76,130.38 1 0
wledger/internal/features/parts/handler.go:130.38,133.3 2 0
wledger/internal/features/parts/handler.go:135.2,155.21 6 0
wledger/internal/features/parts/handler.go:155.21,158.3 2 0
wledger/internal/features/parts/handler.go:160.2,160.49 1 0
wledger/internal/features/parts/handler.go:160.49,163.3 2 0
wledger/internal/features/parts/handler.go:165.2,165.47 1 0
wledger/internal/features/parts/handler.go:168.76,170.13 2 1
wledger/internal/features/parts/handler.go:170.13,173.3 2 0
wledger/internal/features/parts/handler.go:175.2,175.47 1 1
wledger/internal/features/parts/handler.go:175.47,178.3 2 0
wledger/internal/features/parts/handler.go:180.2,180.30 1 1
wledger/internal/features/parts/handler.go:183.81,187.16 3 0
wledger/internal/features/parts/handler.go:187.16,190.3 2 0
wledger/internal/features/parts/handler.go:192.2,193.16 2 0
wledger/internal/features/parts/handler.go:193.16,196.3 2 0
wledger/internal/features/parts/handler.go:198.2,199.16 2 0
wledger/internal/features/parts/handler.go:199.16,202.3 2 0
wledger/internal/features/parts/handler.go:204.2,205.16 2 0
wledger/internal/features/parts/handler.go:205.16,208.3 2 0
wledger/internal/features/parts/handler.go:210.2,211.16 2 0
wledger/internal/features/parts/handler.go:211.16,214.3 2 0
wledger/internal/features/parts/handler.go:216.2,217.16 2 0
wledger/internal/features/parts/handler.go:217.16,220.3 2 0
wledger/internal/features/parts/handler.go:221.2,222.16 2 0
wledger/internal/features/parts/handler.go:222.16,225.3 2 0
wledger/internal/features/parts/handler.go:227.2,239.16 3 0
wledger/internal/features/parts/handler.go:239.16,241.3 1 0
wledger/internal/features/parts/handler.go:244.83,246.13 2 0
wledger/internal/features/parts/handler.go:246.13,249.3 2 0
wledger/internal/features/parts/handler.go:251.2,251.38 1 0
wledger/internal/features/parts/handler.go:251.38,254.3 2 0
wledger/internal/features/parts/handler.go:256.2,262.16 6 0
wledger/internal/features/parts/handler.go:262.16,265.3 2 0
wledger/internal/features/parts/handler.go:267.2,279.50 12 0
wledger/internal/features/parts/handler.go:279.50,282.3 2 0
wledger/internal/features/parts/handler.go:284.2,284.69 1 0
wledger/internal/features/parts/handler.go:287.81,289.17 2 0
wledger/internal/features/parts/handler.go:289.17,292.3 2 0
wledger/internal/features/parts/handler.go:293.2,294.16 2 0
wledger/internal/features/parts/handler.go:294.16,297.3 2 0
wledger/internal/features/parts/handler.go:299.2,300.60 2 0
wledger/internal/features/parts/handler.go:300.60,303.3 2 0
wledger/internal/features/parts/handler.go:305.2,306.16 2 0
wledger/internal/features/parts/handler.go:306.16,309.3 2 0
wledger/internal/features/parts/handler.go:310.2,313.43 3 0
wledger/internal/features/parts/handler.go:313.43,316.3 2 0
wledger/internal/features/parts/handler.go:317.2,318.44 2 0
wledger/internal/features/parts/handler.go:318.44,321.3 2 0
wledger/internal/features/parts/handler.go:322.2,322.43 1 0
wledger/internal/features/parts/handler.go:322.43,325.3 2 0
wledger/internal/features/parts/handler.go:327.2,334.57 6 0
wledger/internal/features/parts/handler.go:334.57,337.3 2 0
wledger/internal/features/parts/handler.go:338.2,339.16 2 0
wledger/internal/features/parts/handler.go:339.16,342.3 2 0
wledger/internal/features/parts/handler.go:343.2,345.46 2 0
wledger/internal/features/parts/handler.go:345.46,348.3 2 0
wledger/internal/features/parts/handler.go:350.2,350.57 1 0
wledger/internal/features/parts/handler.go:350.57,352.44 2 0
wledger/internal/features/parts/handler.go:352.44,354.4 1 0
wledger/internal/features/parts/handler.go:357.2,357.69 1 0
wledger/internal/features/parts/handler.go:357.69,360.3 2 0
wledger/internal/features/parts/handler.go:361.2,361.73 1 0
wledger/internal/features/parts/handler.go:364.76,365.38 1 0
wledger/internal/features/parts/handler.go:365.38,368.3 2 0
wledger/internal/features/parts/handler.go:369.2,373.30 4 0
wledger/internal/features/parts/handler.go:373.30,376.3 2 0
wledger/internal/features/parts/handler.go:377.2,377.65 1 0
wledger/internal/features/parts/handler.go:377.65,380.3 2 0
wledger/internal/features/parts/handler.go:381.2,381.75 1 0
wledger/internal/features/parts/handler.go:384.79,386.16 2 0
wledger/internal/features/parts/handler.go:386.16,389.3 2 0
wledger/internal/features/parts/handler.go:390.2,390.53 1 0
wledger/internal/features/parts/handler.go:390.53,393.3 2 0
wledger/internal/features/parts/handler.go:394.2,394.30 1 0
wledger/internal/features/parts/handler.go:397.80,399.17 2 0
wledger/internal/features/parts/handler.go:399.17,402.3 2 0
wledger/internal/features/parts/handler.go:403.2,404.60 2 0
wledger/internal/features/parts/handler.go:404.60,407.3 2 0
wledger/internal/features/parts/handler.go:408.2,409.16 2 0
wledger/internal/features/parts/handler.go:409.16,412.3 2 0
wledger/internal/features/parts/handler.go:413.2,419.57 6 0
wledger/internal/features/parts/handler.go:419.57,422.3 2 0
wledger/internal/features/parts/handler.go:423.2,424.16 2 0
wledger/internal/features/parts/handler.go:424.16,427.3 2 0
wledger/internal/features/parts/handler.go:428.2,429.46 2 0
wledger/internal/features/parts/handler.go:429.46,432.3 2 0
wledger/internal/features/parts/handler.go:433.2,440.56 2 0
wledger/internal/features/parts/handler.go:440.56,444.3 3 0
wledger/internal/features/parts/handler.go:445.2,445.73 1 0
wledger/internal/features/parts/handler.go:448.82,450.16 2 0
wledger/internal/features/parts/handler.go:450.16,453.3 2 0
wledger/internal/features/parts/handler.go:454.2,455.16 2 0
wledger/internal/features/parts/handler.go:455.16,458.3 2 0
wledger/internal/features/parts/handler.go:459.2,461.70 3 0
wledger/internal/features/parts/handler.go:464.80,466.16 2 0
wledger/internal/features/parts/handler.go:466.16,469.3 2 0
wledger/internal/features/parts/handler.go:470.2,471.16 2 0
wledger/internal/features/parts/handler.go:471.16,474.3 2 0
wledger/internal/features/parts/handler.go:475.2,475.58 1 0
wledger/internal/features/parts/handler.go:475.58,478.3 2 0
wledger/internal/features/parts/handler.go:479.2,479.82 1 0
wledger/internal/features/parts/handler.go:479.82,481.3 1 0
wledger/internal/features/parts/handler.go:482.2,482.30 1 0
wledger/internal/features/parts/handler.go:485.86,486.38 1 0
wledger/internal/features/parts/handler.go:486.38,489.3 2 0
wledger/internal/features/parts/handler.go:490.2,493.39 3 0
wledger/internal/features/parts/handler.go:493.39,496.3 2 0
wledger/internal/features/parts/handler.go:497.2,498.16 2 0
wledger/internal/features/parts/handler.go:498.16,501.3 2 0
wledger/internal/features/parts/handler.go:502.2,502.74 1 0
wledger/internal/features/parts/handler.go:502.74,505.3 2 0
wledger/internal/features/parts/handler.go:506.2,506.75 1 0
wledger/internal/features/parts/handler.go:509.88,513.36 3 0
wledger/internal/features/parts/handler.go:513.36,516.3 2 0
wledger/internal/features/parts/handler.go:517.2,517.75 1 0
wledger/internal/features/parts/handler.go:517.75,520.3 2 0
wledger/internal/features/parts/handler.go:521.2,521.30 1 0
wledger/internal/features/hardware/handler.go:40.67,42.2 1 1
wledger/internal/features/hardware/handler.go:45.48,56.2 8 0
wledger/internal/features/hardware/handler.go:60.82,61.38 1 0
wledger/internal/features/hardware/handler.go:61.38,64.3 2 0
wledger/internal/features/hardware/handler.go:65.2,68.35 3 0
wledger/internal/features/hardware/handler.go:68.35,71.3 2 0
wledger/internal/features/hardware/handler.go:73.2,73.66 1 0
wledger/internal/features/hardware/handler.go:73.66,76.3 2 0
wledger/internal/features/hardware/handler.go:78.2,78.55 1 0
wledger/internal/features/hardware/handler.go:81.82,83.13 2 1
wledger/internal/features/hardware/handler.go:83.13,86.3 2 0
wledger/internal/features/hardware/handler.go:88.2,89.16 2 1
wledger/internal/features/hardware/handler.go:89.16,98.56 1 1
wledger/internal/features/hardware/handler.go:98.56,100.4 1 1
wledger/internal/features/hardware/handler.go:100.9,102.4 1 0
wledger/internal/features/hardware/handler.go:103.3,103.9 1 1
wledger/internal/features/hardware/handler.go:106.2,106.30 1 0
wledger/internal/features/hardware/handler.go:109.89,111.13 2 0
wledger/internal/features/hardware/handler.go:111.13,114.3 2 0
wledger/internal/features/hardware/handler.go:116.2,117.16 2 0
wledger/internal/features/hardware/handler.go:117.16,120.3 2 0
wledger/internal/features/hardware/handler.go:122.2,125.12 4 0
wledger/internal/features/hardware/handler.go:125.12,129.3 3 0
wledger/internal/features/hardware/handler.go:129.8,132.3 2 0
wledger/internal/features/hardware/handler.go:134.2,134.77 1 0
wledger/internal/features/hardware/handler.go:134.77,137.3 1 0
wledger/internal/features/hardware/handler.go:139.2,140.16 2 0
wledger/internal/features/hardware/handler.go:140.16,143.3 2 0
wledger/internal/features/hardware/handler.go:144.2,144.75 1 0
wledger/internal/features/hardware/handler.go:147.82,150.16 3 0
wledger/internal/features/hardware/handler.go:150.16,153.3 2 0
wledger/internal/features/hardware/handler.go:154.2,154.68 1 0
wledger/internal/features/hardware/handler.go:157.86,160.16 3 0
wledger/internal/features/hardware/handler.go:160.16,163.3 2 0
wledger/internal/features/hardware/handler.go:164.2,164.73 1 0
wledger/internal/features/hardware/handler.go:167.82,169.38 2 0
wledger/internal/features/hardware/handler.go:169.38,172.3 2 0
wledger/internal/features/hardware/handler.go:174.2,180.57 2 0
wledger/internal/features/hardware/handler.go:180.57,183.3 2 0
wledger/internal/features/hardware/handler.go:185.2,185.61 1 0
wledger/internal/features/hardware/handler.go:185.61,188.3 2 0
wledger/internal/features/hardware/handler.go:190.2,191.16 2 0
wledger/internal/features/hardware/handler.go:191.16,194.3 2 0
wledger/internal/features/hardware/handler.go:195.2,195.65 1 0
wledger/internal/features/hardware/handler.go:198.89,202.16 3 0
wledger/internal/features/hardware/handler.go:202.16,205.3 2 0
wledger/internal/features/hardware/handler.go:207.2,208.16 2 0
wledger/internal/features/hardware/handler.go:208.16,211.3 2 0
wledger/internal/features/hardware/handler.go:213.2,214.24 2 0
wledger/internal/features/hardware/handler.go:214.24,215.24 1 0
wledger/internal/features/hardware/handler.go:215.24,217.4 1 0
wledger/internal/features/hardware/handler.go:220.2,220.23 1 0
wledger/internal/features/hardware/handler.go:220.23,223.3 2 0
wledger/internal/features/hardware/handler.go:225.2,229.70 2 0
wledger/internal/features/hardware/handler.go:232.83,235.38 2 1
wledger/internal/features/hardware/handler.go:235.38,238.3 2 0
wledger/internal/features/hardware/handler.go:240.2,241.30 2 1
wledger/internal/features/hardware/handler.go:241.30,244.3 2 0
wledger/internal/features/hardware/handler.go:246.2,246.58 1 1
wledger/internal/features/hardware/handler.go:246.58,249.3 2 0
wledger/internal/features/hardware/handler.go:251.2,252.16 2 1
wledger/internal/features/hardware/handler.go:252.16,255.3 2 0
wledger/internal/features/hardware/handler.go:256.2,256.71 1 1
wledger/internal/store/backup.go:8.66,16.16 3 1
wledger/internal/store/backup.go:16.16,18.3 1 0
wledger/internal/store/backup.go:19.2,22.16 3 1
wledger/internal/store/backup.go:22.16,24.3 1 0
wledger/internal/store/backup.go:25.2,28.16 3 1
wledger/internal/store/backup.go:28.16,30.3 1 0
wledger/internal/store/backup.go:31.2,34.16 3 1
wledger/internal/store/backup.go:34.16,36.3 1 0
wledger/internal/store/backup.go:37.2,43.16 3 1
wledger/internal/store/backup.go:43.16,45.3 1 0
wledger/internal/store/backup.go:46.2,47.18 2 1
wledger/internal/store/backup.go:47.18,51.3 3 1
wledger/internal/store/backup.go:52.2,56.16 3 1
wledger/internal/store/backup.go:56.16,58.3 1 0
wledger/internal/store/backup.go:59.2,60.18 2 1
wledger/internal/store/backup.go:60.18,64.3 3 0
wledger/internal/store/backup.go:65.2,69.16 3 1
wledger/internal/store/backup.go:69.16,71.3 1 0
wledger/internal/store/backup.go:72.2,73.18 2 1
wledger/internal/store/backup.go:73.18,77.3 3 1
wledger/internal/store/backup.go:78.2,82.16 3 1
wledger/internal/store/backup.go:82.16,84.3 1 0
wledger/internal/store/backup.go:85.2,86.18 2 1
wledger/internal/store/backup.go:86.18,91.3 3 1
wledger/internal/store/backup.go:93.2,93.18 1 1
wledger/internal/store/backup.go:105.65,107.16 2 1
wledger/internal/store/backup.go:107.16,109.3 1 0
wledger/internal/store/backup.go:113.2,117.31 2 1
wledger/internal/store/backup.go:117.31,118.60 1 1
wledger/internal/store/backup.go:118.60,121.4 2 0
wledger/internal/store/backup.go:123.3,123.87 1 1
wledger/internal/store/backup.go:123.87,126.4 2 0
wledger/internal/store/backup.go:132.2,133.37 2 1
wledger/internal/store/backup.go:133.37,134.87 1 1
wledger/internal/store/backup.go:134.87,137.4 2 0
wledger/internal/store/backup.go:139.2,143.30 3 1
wledger/internal/store/backup.go:143.30,144.101 1 1
wledger/internal/store/backup.go:144.101,147.4 2 0
wledger/internal/store/backup.go:149.2,153.36 3 1
wledger/internal/store/backup.go:153.36,154.52 1 1
wledger/internal/store/backup.go:154.52,157.4 2 0
wledger/internal/store/backup.go:159.2,163.31 3 1
wledger/internal/store/backup.go:163.31,164.231 1 1
wledger/internal/store/backup.go:164.231,167.4 2 0
wledger/internal/store/backup.go:169.2,173.34 3 1
wledger/internal/store/backup.go:173.34,174.76 1 1
wledger/internal/store/backup.go:174.76,177.4 2 0
wledger/internal/store/backup.go:179.2,183.34 3 1
wledger/internal/store/backup.go:183.34,184.105 1 0
wledger/internal/store/backup.go:184.105,187.4 2 0
wledger/internal/store/backup.go:189.2,193.35 3 1
wledger/internal/store/backup.go:193.35,194.64 1 1
wledger/internal/store/backup.go:194.64,197.4 2 0
wledger/internal/store/backup.go:199.2,203.40 3 1
wledger/internal/store/backup.go:203.40,204.87 1 1
wledger/internal/store/backup.go:204.87,207.4 2 0
wledger/internal/store/backup.go:209.2,211.20 2 1
wledger/internal/store/bins.go:13.49,22.16 3 1
wledger/internal/store/bins.go:22.16,24.3 1 0
wledger/internal/store/bins.go:25.2,32.18 4 1
wledger/internal/store/bins.go:32.18,35.17 3 1
wledger/internal/store/bins.go:35.17,37.12 2 0
wledger/internal/store/bins.go:41.3,41.34 1 1
wledger/internal/store/bins.go:41.34,43.4 1 0
wledger/internal/store/bins.go:43.9,47.4 2 1
wledger/internal/store/bins.go:49.3,49.25 1 1
wledger/internal/store/bins.go:53.2,53.22 1 1
wledger/internal/store/bins.go:53.22,54.25 1 1
wledger/internal/store/bins.go:54.25,55.12 1 0
wledger/internal/store/bins.go:57.3,58.29 2 1
wledger/internal/store/bins.go:58.29,60.4 1 1
wledger/internal/store/bins.go:63.2,63.18 1 1
wledger/internal/store/bins.go:66.68,73.16 3 1
wledger/internal/store/bins.go:73.16,75.3 1 0
wledger/internal/store/bins.go:76.2,79.21 3 1
wledger/internal/store/bins.go:79.21,82.17 3 1
wledger/internal/store/bins.go:82.17,84.12 2 0
wledger/internal/store/bins.go:86.3,86.43 1 1
wledger/internal/store/bins.go:88.2,88.27 1 1
wledger/internal/store/bins.go:91.56,103.33 5 1
wledger/internal/store/bins.go:103.33,105.3 1 0
wledger/internal/store/bins.go:109.2,109.15 1 1
wledger/internal/store/bins.go:112.85,118.16 2 1
wledger/internal/store/bins.go:118.16,121.9 2 1
wledger/internal/store/bins.go:121.9,122.62 1 1
wledger/internal/store/bins.go:122.62,124.5 1 1
wledger/internal/store/bins.go:125.4,125.66 1 0
wledger/internal/store/bins.go:125.66,127.5 1 0
wledger/internal/store/bins.go:129.3,129.13 1 0
wledger/internal/store/bins.go:131.2,131.12 1 1
wledger/internal/store/bins.go:134.96,136.16 2 1
wledger/internal/store/bins.go:136.16,138.3 1 0
wledger/internal/store/bins.go:140.2,144.16 2 1
wledger/internal/store/bins.go:144.16,147.3 2 0
wledger/internal/store/bins.go:148.2,150.32 2 1
wledger/internal/store/bins.go:150.32,153.82 3 1
wledger/internal/store/bins.go:153.82,155.10 2 0
wledger/internal/store/bins.go:155.10,156.63 1 0
wledger/internal/store/bins.go:156.63,159.6 2 0
wledger/internal/store/bins.go:161.4,162.14 2 0
wledger/internal/store/bins.go:166.2,166.20 1 1
wledger/internal/store/bins.go:169.48,175.2 2 1
wledger/internal/store/bins.go:177.41,180.2 2 1
wledger/internal/store/bins.go:186.11,193.16 3 1
wledger/internal/store/bins.go:193.16,195.3 1 0
wledger/internal/store/bins.go:196.2,203.18 3 1
wledger/internal/store/bins.go:203.18,209.71 2 1
wledger/internal/store/bins.go:209.71,211.4 1 0
wledger/internal/store/bins.go:212.3,212.37 1 1
wledger/internal/store/bins.go:214.2,214.23 1 1
wledger/internal/store/bins.go:217.64,225.16 3 1
wledger/internal/store/bins.go:225.16,227.3 1 0
wledger/internal/store/bins.go:228.2,231.18 3 1
wledger/internal/store/bins.go:231.18,233.42 2 1
wledger/internal/store/bins.go:233.42,235.4 1 0
wledger/internal/store/bins.go:236.3,236.30 1 1
wledger/internal/store/bins.go:238.2,238.19 1 1
wledger/internal/store/bins.go:243.82,258.2 5 1
wledger/internal/store/bins.go:260.77,270.16 3 1
wledger/internal/store/bins.go:270.16,272.3 1 0
wledger/internal/store/bins.go:273.2,276.18 3 1
wledger/internal/store/bins.go:276.18,282.17 3 1
wledger/internal/store/bins.go:282.17,284.12 2 0
wledger/internal/store/bins.go:286.3,286.37 1 1
wledger/internal/store/bins.go:288.2,288.23 1 1
wledger/internal/store/bins.go:291.71,297.2 2 1
wledger/internal/store/bins.go:299.68,302.2 2 1
wledger/internal/store/bins.go:304.58,307.2 2 1
wledger/internal/store/controllers.go:14.67,24.16 3 1
wledger/internal/store/controllers.go:24.16,26.3 1 0
wledger/internal/store/controllers.go:27.2,30.18 3 1
wledger/internal/store/controllers.go:30.18,34.17 3 1
wledger/internal/store/controllers.go:34.17,36.12 2 0
wledger/internal/store/controllers.go:38.3,38.39 1 1
wledger/internal/store/controllers.go:40.2,40.25 1 1
wledger/internal/store/controllers.go:43.74,55.2 5 1
wledger/internal/store/controllers.go:57.64,63.2 2 1
wledger/internal/store/controllers.go:65.66,71.2 2 1
wledger/internal/store/controllers.go:73.48,75.16 2 1
wledger/internal/store/controllers.go:75.16,78.9 2 1
wledger/internal/store/controllers.go:78.9,80.66 1 1
wledger/internal/store/controllers.go:80.66,82.5 1 1
wledger/internal/store/controllers.go:85.3,85.13 1 0
wledger/internal/store/controllers.go:87.2,87.12 1 1
wledger/internal/store/controllers.go:90.84,92.16 2 1
wledger/internal/store/controllers.go:92.16,94.3 1 0
wledger/internal/store/controllers.go:95.2,98.18 3 1
wledger/internal/store/controllers.go:98.18,100.56 2 1
wledger/internal/store/controllers.go:100.56,102.4 1 0
wledger/internal/store/controllers.go:103.3,103.39 1 1
wledger/internal/store/controllers.go:105.2,105.25 1 1
wledger/internal/store/controllers.go:108.92,109.24 1 1
wledger/internal/store/controllers.go:109.24,115.3 2 1
wledger/internal/store/controllers.go:116.2,120.12 2 0
wledger/internal/store/controllers.go:123.73,126.16 2 1
wledger/internal/store/controllers.go:126.16,128.3 1 0
wledger/internal/store/controllers.go:131.2,133.16 3 1
wledger/internal/store/controllers.go:133.16,136.3 2 0
wledger/internal/store/controllers.go:139.2,143.16 2 1
wledger/internal/store/controllers.go:143.16,146.3 2 0
wledger/internal/store/controllers.go:148.2,148.20 1 1
wledger/internal/store/dashboard.go:8.74,30.16 3 1
wledger/internal/store/dashboard.go:30.16,32.3 1 0
wledger/internal/store/dashboard.go:33.2,36.18 3 1
wledger/internal/store/dashboard.go:36.18,42.17 3 1
wledger/internal/store/dashboard.go:42.17,44.4 1 0
wledger/internal/store/dashboard.go:45.3,45.31 1 1
wledger/internal/store/dashboard.go:47.2,47.21 1 1
wledger/internal/store/dashboard.go:54.11,63.16 3 1
wledger/internal/store/dashboard.go:63.16,65.3 1 0
wledger/internal/store/dashboard.go:66.2,73.18 3 1
wledger/internal/store/dashboard.go:73.18,79.71 2 1
wledger/internal/store/dashboard.go:79.71,81.4 1 0
wledger/internal/store/dashboard.go:82.3,82.37 1 1
wledger/internal/store/dashboard.go:84.2,84.23 1 1
wledger/internal/store/dashboard.go:91.11,100.16 3 1
wledger/internal/store/dashboard.go:100.16,102.3 1 0
wledger/internal/store/dashboard.go:103.2,110.18 3 1
wledger/internal/store/dashboard.go:110.18,116.71 2 1
wledger/internal/store/dashboard.go:116.71,118.4 1 0
wledger/internal/store/dashboard.go:119.3,119.37 1 1
wledger/internal/store/dashboard.go:121.2,121.23 1 1
wledger/internal/store/parts.go:9.58,27.16 5 1
wledger/internal/store/parts.go:27.16,29.3 1 1
wledger/internal/store/parts.go:31.2,33.15 3 1
wledger/internal/store/parts.go:36.51,49.16 3 1
wledger/internal/store/parts.go:49.16,51.3 1 0
wledger/internal/store/parts.go:52.2,55.18 3 1
wledger/internal/store/parts.go:55.18,64.17 3 1
wledger/internal/store/parts.go:64.17,66.12 2 0
wledger/internal/store/parts.go:68.3,68.27 1 1
wledger/internal/store/parts.go:70.2,70.19 1 1
wledger/internal/store/parts.go:73.71,95.16 4 1
wledger/internal/store/parts.go:95.16,97.3 1 0
wledger/internal/store/parts.go:98.2,101.18 3 1
wledger/internal/store/parts.go:101.18,110.17 3 1
wledger/internal/store/parts.go:110.17,112.12 2 0
wledger/internal/store/parts.go:114.3,114.27 1 1
wledger/internal/store/parts.go:116.2,116.19 1 1
wledger/internal/store/parts.go:119.50,132.2 2 1
wledger/internal/store/parts.go:134.50,147.2 2 1
wledger/internal/store/parts.go:149.42,152.2 2 1
wledger/internal/store/parts.go:154.73,157.2 2 1
wledger/internal/store/parts.go:159.62,164.2 4 1
wledger/internal/store/parts.go:167.60,170.16 3 1
wledger/internal/store/parts.go:170.16,172.3 1 0
wledger/internal/store/parts.go:173.2,176.18 3 1
wledger/internal/store/parts.go:176.18,178.51 2 1
wledger/internal/store/parts.go:178.51,180.4 1 0
wledger/internal/store/parts.go:181.3,181.25 1 1
wledger/internal/store/parts.go:183.2,183.18 1 1
wledger/internal/store/parts.go:186.78,194.16 3 1
wledger/internal/store/parts.go:194.16,196.3 1 0
wledger/internal/store/parts.go:197.2,200.18 3 1
wledger/internal/store/parts.go:200.18,202.51 2 1
wledger/internal/store/parts.go:202.51,204.4 1 0
wledger/internal/store/parts.go:205.3,205.25 1 1
wledger/internal/store/parts.go:207.2,207.18 1 1
wledger/internal/store/parts.go:210.70,214.16 3 1
wledger/internal/store/parts.go:214.16,217.3 1 1
wledger/internal/store/parts.go:219.2,220.16 2 1
wledger/internal/store/parts.go:220.16,222.3 1 0
wledger/internal/store/parts.go:223.2,226.15 4 1
wledger/internal/store/parts.go:229.72,236.2 2 1
wledger/internal/store/parts.go:238.74,244.2 2 1
wledger/internal/store/parts.go:246.51,255.2 3 1
wledger/internal/store/parts.go:258.71,261.16 3 1
wledger/internal/store/parts.go:261.16,263.3 1 0
wledger/internal/store/parts.go:264.2,267.18 3 1
wledger/internal/store/parts.go:267.18,269.77 2 1
wledger/internal/store/parts.go:269.77,271.4 1 0
wledger/internal/store/parts.go:272.3,272.25 1 1
wledger/internal/store/parts.go:274.2,274.18 1 1
wledger/internal/store/parts.go:277.81,283.2 2 1
wledger/internal/store/parts.go:285.48,288.2 2 1
wledger/internal/store/parts.go:291.81,294.16 3 1
wledger/internal/store/parts.go:294.16,296.3 1 0
wledger/internal/store/parts.go:297.2,300.18 3 1
wledger/internal/store/parts.go:300.18,302.108 2 1
wledger/internal/store/parts.go:302.108,304.4 1 0
wledger/internal/store/parts.go:305.3,305.25 1 1
wledger/internal/store/parts.go:307.2,307.18 1 1
wledger/internal/store/parts.go:310.73,316.2 5 1
wledger/internal/store/parts.go:318.68,324.2 2 1
wledger/internal/store/parts.go:326.53,329.2 2 1
wledger/internal/store/store.go:18.48,22.16 3 1
wledger/internal/store/store.go:22.16,24.3 1 0
wledger/internal/store/store.go:27.2,28.16 2 1
wledger/internal/store/store.go:28.16,30.3 1 0
wledger/internal/store/store.go:32.2,33.16 2 1
wledger/internal/store/store.go:33.16,35.3 1 0
wledger/internal/store/store.go:38.2,38.41 1 1
wledger/internal/store/store.go:38.41,40.3 1 0
wledger/internal/store/store.go:42.2,43.28 2 1
wledger/internal/store/store.go:47.37,123.32 2 1
wledger/internal/store/store.go:123.32,124.43 1 1
wledger/internal/store/store.go:124.43,126.4 1 0
wledger/internal/store/store.go:128.2,128.12 1 1
wledger/internal/core/errors.go:9.69,12.2 2 0
wledger/internal/core/errors.go:15.97,16.16 1 0
wledger/internal/core/errors.go:16.16,18.3 1 0
wledger/internal/core/errors.go:19.2,19.32 1 0
wledger/internal/background/service.go:28.42,30.2 1 0
wledger/internal/background/service.go:32.27,44.6 8 0
wledger/internal/background/service.go:44.6,45.10 1 0
wledger/internal/background/service.go:46.25,47.26 1 0
wledger/internal/background/service.go:48.26,49.24 1 0
wledger/internal/background/service.go:54.35,57.60 2 0
wledger/internal/background/service.go:57.60,59.3 1 0
wledger/internal/background/service.go:60.2,60.49 1 0
wledger/internal/background/service.go:63.37,68.16 3 0
wledger/internal/background/service.go:68.16,71.3 2 0
wledger/internal/background/service.go:73.2,73.32 1 0
wledger/internal/background/service.go:73.32,79.13 4 0
wledger/internal/background/service.go:79.13,83.4 3 0
wledger/internal/background/service.go:83.9,86.4 2 0
wledger/internal/background/service.go:89.3,89.80 1 0
wledger/internal/background/service.go:89.80,91.4 1 0
wledger/internal/background/service.go:93.2,93.45 1 0
wledger/cmd/server/main.go:25.13,27.58 1 0
wledger/cmd/server/main.go:27.58,29.3 1 0
wledger/cmd/server/main.go:32.2,33.16 2 0
wledger/cmd/server/main.go:33.16,35.3 1 0
wledger/cmd/server/main.go:38.2,39.16 2 0
wledger/cmd/server/main.go:39.16,41.3 1 0
wledger/cmd/server/main.go:44.2,80.56 24 0
wledger/cmd/server/main.go:80.56,82.3 1 0
wledger/internal/features/inventory/handler.go:38.53,40.2 1 1
wledger/internal/features/inventory/handler.go:42.48,57.2 11 0
wledger/internal/features/inventory/handler.go:61.75,62.38 1 1
wledger/internal/features/inventory/handler.go:62.38,65.3 2 0
wledger/internal/features/inventory/handler.go:66.2,71.37 5 1
wledger/internal/features/inventory/handler.go:71.37,74.3 2 0
wledger/internal/features/inventory/handler.go:75.2,76.16 2 1
wledger/internal/features/inventory/handler.go:76.16,77.48 1 1
wledger/internal/features/inventory/handler.go:77.48,79.4 1 1
wledger/internal/features/inventory/handler.go:79.9,79.59 1 0
wledger/internal/features/inventory/handler.go:79.59,81.4 1 0
wledger/internal/features/inventory/handler.go:81.9,83.4 1 0
wledger/internal/features/inventory/handler.go:84.3,84.9 1 1
wledger/internal/features/inventory/handler.go:86.2,86.55 1 0
wledger/internal/features/inventory/handler.go:89.80,90.38 1 0
wledger/internal/features/inventory/handler.go:90.38,93.3 2 0
wledger/internal/features/inventory/handler.go:94.2,99.60 5 0
wledger/internal/features/inventory/handler.go:99.60,102.3 2 0
wledger/internal/features/inventory/handler.go:103.2,104.16 2 0
wledger/internal/features/inventory/handler.go:104.16,105.48 1 0
wledger/internal/features/inventory/handler.go:105.48,107.4 1 0
wledger/internal/features/inventory/handler.go:107.9,109.4 1 0
wledger/internal/features/inventory/handler.go:110.3,110.9 1 0
wledger/internal/features/inventory/handler.go:112.2,112.55 1 0
wledger/internal/features/inventory/handler.go:115.75,117.13 2 0
wledger/internal/features/inventory/handler.go:117.13,120.3 2 0
wledger/internal/features/inventory/handler.go:121.2,121.46 1 0
wledger/internal/features/inventory/handler.go:121.46,124.3 2 0
wledger/internal/features/inventory/handler.go:125.2,125.30 1 0
wledger/internal/features/inventory/handler.go:128.75,131.16 3 0
wledger/internal/features/inventory/handler.go:131.16,134.3 2 0
wledger/internal/features/inventory/handler.go:135.2,135.54 1 0
wledger/internal/features/inventory/handler.go:138.79,141.16 3 0
wledger/internal/features/inventory/handler.go:141.16,144.3 2 0
wledger/internal/features/inventory/handler.go:146.2,152.60 3 0
wledger/internal/features/inventory/handler.go:155.75,157.38 2 1
wledger/internal/features/inventory/handler.go:157.38,160.3 2 0
wledger/internal/features/inventory/handler.go:162.2,174.49 5 1
wledger/internal/features/inventory/handler.go:174.49,177.3 2 0
wledger/internal/features/inventory/handler.go:179.2,179.47 1 1
wledger/internal/features/inventory/handler.go:179.47,180.48 1 0
wledger/internal/features/inventory/handler.go:180.48,182.4 1 0
wledger/internal/features/inventory/handler.go:182.9,184.4 1 0
wledger/internal/features/inventory/handler.go:185.3,185.9 1 0
wledger/internal/features/inventory/handler.go:188.2,189.58 2 1
wledger/internal/features/inventory/handler.go:194.84,195.38 1 0
wledger/internal/features/inventory/handler.go:195.38,198.3 2 0
wledger/internal/features/inventory/handler.go:199.2,203.31 4 0
wledger/internal/features/inventory/handler.go:203.31,206.3 2 0
wledger/internal/features/inventory/handler.go:207.2,207.76 1 0
wledger/internal/features/inventory/handler.go:207.76,210.3 2 0
wledger/internal/features/inventory/handler.go:211.2,211.75 1 0
wledger/internal/features/inventory/handler.go:214.84,217.16 3 0
wledger/internal/features/inventory/handler.go:217.16,220.3 2 0
wledger/internal/features/inventory/handler.go:221.2,221.64 1 0
wledger/internal/features/inventory/handler.go:224.88,227.16 3 0
wledger/internal/features/inventory/handler.go:227.16,230.3 2 0
wledger/internal/features/inventory/handler.go:231.2,231.69 1 0
wledger/internal/features/inventory/handler.go:234.84,236.38 2 0
wledger/internal/features/inventory/handler.go:236.38,239.3 2 0
wledger/internal/features/inventory/handler.go:240.2,242.68 2 0
wledger/internal/features/inventory/handler.go:242.68,245.3 2 0
wledger/internal/features/inventory/handler.go:246.2,247.16 2 0
wledger/internal/features/inventory/handler.go:247.16,250.3 2 0
wledger/internal/features/inventory/handler.go:251.2,251.64 1 0
wledger/internal/features/inventory/handler.go:254.84,256.58 2 0
wledger/internal/features/inventory/handler.go:256.58,259.3 2 0
wledger/internal/features/inventory/handler.go:260.2,260.30 1 0
