mode: set
wledger/internal/features/dashboard/handler.go:48.67,50.2 1 1
wledger/internal/features/dashboard/handler.go:52.48,61.2 6 0
wledger/internal/features/dashboard/handler.go:65.79,70.16 3 1
wledger/internal/features/dashboard/handler.go:70.16,72.3 1 0
wledger/internal/features/dashboard/handler.go:75.81,80.16 3 1
wledger/internal/features/dashboard/handler.go:80.16,83.3 2 1
wledger/internal/features/dashboard/handler.go:85.2,89.37 4 1
wledger/internal/features/dashboard/handler.go:89.37,90.34 1 0
wledger/internal/features/dashboard/handler.go:90.34,92.4 1 0
wledger/internal/features/dashboard/handler.go:93.3,96.4 1 0
wledger/internal/features/dashboard/handler.go:99.2,99.41 1 1
wledger/internal/features/dashboard/handler.go:99.41,101.41 2 0
wledger/internal/features/dashboard/handler.go:101.41,107.4 1 0
wledger/internal/features/dashboard/handler.go:108.3,109.55 2 0
wledger/internal/features/dashboard/handler.go:109.55,112.4 1 0
wledger/internal/features/dashboard/handler.go:116.2,117.16 2 1
wledger/internal/features/dashboard/handler.go:117.16,120.3 2 0
wledger/internal/features/dashboard/handler.go:122.2,129.30 6 1
wledger/internal/features/dashboard/handler.go:129.30,131.38 2 1
wledger/internal/features/dashboard/handler.go:131.38,133.4 1 1
wledger/internal/features/dashboard/handler.go:133.9,133.49 1 1
wledger/internal/features/dashboard/handler.go:133.49,135.4 1 1
wledger/internal/features/dashboard/handler.go:135.9,137.4 1 1
wledger/internal/features/dashboard/handler.go:139.3,139.47 1 1
wledger/internal/features/dashboard/handler.go:139.47,140.12 1 1
wledger/internal/features/dashboard/handler.go:142.3,142.50 1 1
wledger/internal/features/dashboard/handler.go:142.50,143.12 1 0
wledger/internal/features/dashboard/handler.go:146.3,146.33 1 1
wledger/internal/features/dashboard/handler.go:146.33,148.4 1 1
wledger/internal/features/dashboard/handler.go:149.3,153.12 2 1
wledger/internal/features/dashboard/handler.go:156.2,156.37 1 1
wledger/internal/features/dashboard/handler.go:156.37,158.41 2 1
wledger/internal/features/dashboard/handler.go:158.41,164.4 1 1
wledger/internal/features/dashboard/handler.go:165.3,166.55 2 1
wledger/internal/features/dashboard/handler.go:166.55,168.4 1 0
wledger/internal/features/dashboard/handler.go:171.2,171.67 1 1
wledger/internal/features/dashboard/handler.go:174.73,176.16 2 1
wledger/internal/features/dashboard/handler.go:176.16,179.3 2 1
wledger/internal/features/dashboard/handler.go:181.2,184.32 3 1
wledger/internal/features/dashboard/handler.go:184.32,185.38 1 1
wledger/internal/features/dashboard/handler.go:185.38,187.4 1 1
wledger/internal/features/dashboard/handler.go:188.3,188.108 1 1
wledger/internal/features/dashboard/handler.go:191.2,191.45 1 1
wledger/internal/features/dashboard/handler.go:191.45,193.41 2 1
wledger/internal/features/dashboard/handler.go:193.41,199.4 1 1
wledger/internal/features/dashboard/handler.go:200.3,201.55 2 1
wledger/internal/features/dashboard/handler.go:201.55,203.4 1 0
wledger/internal/features/dashboard/handler.go:206.2,207.30 2 1
wledger/internal/features/dashboard/handler.go:210.76,214.16 3 1
wledger/internal/features/dashboard/handler.go:214.16,217.3 2 1
wledger/internal/features/dashboard/handler.go:219.2,222.32 3 1
wledger/internal/features/dashboard/handler.go:222.32,223.38 1 1
wledger/internal/features/dashboard/handler.go:223.38,225.4 1 1
wledger/internal/features/dashboard/handler.go:226.3,226.98 1 1
wledger/internal/features/dashboard/handler.go:229.2,230.45 2 1
wledger/internal/features/dashboard/handler.go:230.45,232.43 2 1
wledger/internal/features/dashboard/handler.go:232.43,234.40 2 1
wledger/internal/features/dashboard/handler.go:234.40,236.5 1 1
wledger/internal/features/dashboard/handler.go:237.4,241.6 1 1
wledger/internal/features/dashboard/handler.go:244.3,245.55 2 1
wledger/internal/features/dashboard/handler.go:245.55,251.4 4 1
wledger/internal/features/dashboard/handler.go:254.2,255.66 2 1
wledger/internal/features/dashboard/handler.go:258.76,262.16 3 1
wledger/internal/features/dashboard/handler.go:262.16,265.3 2 1
wledger/internal/features/dashboard/handler.go:267.2,270.32 3 1
wledger/internal/features/dashboard/handler.go:270.32,271.38 1 1
wledger/internal/features/dashboard/handler.go:271.38,273.4 1 1
wledger/internal/features/dashboard/handler.go:274.3,274.98 1 1
wledger/internal/features/dashboard/handler.go:277.2,278.45 2 1
wledger/internal/features/dashboard/handler.go:278.45,280.43 2 1
wledger/internal/features/dashboard/handler.go:280.43,282.40 2 1
wledger/internal/features/dashboard/handler.go:282.40,284.5 1 1
wledger/internal/features/dashboard/handler.go:285.4,289.6 1 1
wledger/internal/features/dashboard/handler.go:292.3,293.55 2 1
wledger/internal/features/dashboard/handler.go:293.55,295.4 1 0
wledger/internal/features/dashboard/handler.go:298.2,299.67 2 1
wledger/internal/features/dashboard/handler.go:302.81,306.2 3 1
